ARM GAS  C:\Users\86130\AppData\Local\Temp\ccA0rleK.s 			page 1


   1              		.cpu cortex-m3
   2              		.arch armv7-m
   3              		.fpu softvfp
   4              		.eabi_attribute 20, 1
   5              		.eabi_attribute 21, 1
   6              		.eabi_attribute 23, 3
   7              		.eabi_attribute 24, 1
   8              		.eabi_attribute 25, 1
   9              		.eabi_attribute 26, 1
  10              		.eabi_attribute 30, 1
  11              		.eabi_attribute 34, 1
  12              		.eabi_attribute 18, 4
  13              		.file	"stm32f1xx_hal_timebase_tim.c"
  14              		.text
  15              	.Ltext0:
  16              		.cfi_sections	.debug_frame
  17              		.file 1 "Core/Src/stm32f1xx_hal_timebase_tim.c"
  18              		.section	.text.HAL_InitTick,"ax",%progbits
  19              		.align	1
  20              		.global	HAL_InitTick
  21              		.syntax unified
  22              		.thumb
  23              		.thumb_func
  25              	HAL_InitTick:
  26              	.LVL0:
  27              	.LFB65:
   1:Core/Src/stm32f1xx_hal_timebase_tim.c **** /* USER CODE BEGIN Header */
   2:Core/Src/stm32f1xx_hal_timebase_tim.c **** /**
   3:Core/Src/stm32f1xx_hal_timebase_tim.c ****   ******************************************************************************
   4:Core/Src/stm32f1xx_hal_timebase_tim.c ****   * @file    stm32f1xx_hal_timebase_TIM.c
   5:Core/Src/stm32f1xx_hal_timebase_tim.c ****   * @brief   HAL time base based on the hardware TIM.
   6:Core/Src/stm32f1xx_hal_timebase_tim.c ****   ******************************************************************************
   7:Core/Src/stm32f1xx_hal_timebase_tim.c ****   * @attention
   8:Core/Src/stm32f1xx_hal_timebase_tim.c ****   *
   9:Core/Src/stm32f1xx_hal_timebase_tim.c ****   * Copyright (c) 2023 STMicroelectronics.
  10:Core/Src/stm32f1xx_hal_timebase_tim.c ****   * All rights reserved.
  11:Core/Src/stm32f1xx_hal_timebase_tim.c ****   *
  12:Core/Src/stm32f1xx_hal_timebase_tim.c ****   * This software is licensed under terms that can be found in the LICENSE file
  13:Core/Src/stm32f1xx_hal_timebase_tim.c ****   * in the root directory of this software component.
  14:Core/Src/stm32f1xx_hal_timebase_tim.c ****   * If no LICENSE file comes with this software, it is provided AS-IS.
  15:Core/Src/stm32f1xx_hal_timebase_tim.c ****   *
  16:Core/Src/stm32f1xx_hal_timebase_tim.c ****   ******************************************************************************
  17:Core/Src/stm32f1xx_hal_timebase_tim.c ****   */
  18:Core/Src/stm32f1xx_hal_timebase_tim.c **** /* USER CODE END Header */
  19:Core/Src/stm32f1xx_hal_timebase_tim.c **** 
  20:Core/Src/stm32f1xx_hal_timebase_tim.c **** /* Includes ------------------------------------------------------------------*/
  21:Core/Src/stm32f1xx_hal_timebase_tim.c **** #include "stm32f1xx_hal.h"
  22:Core/Src/stm32f1xx_hal_timebase_tim.c **** #include "stm32f1xx_hal_tim.h"
  23:Core/Src/stm32f1xx_hal_timebase_tim.c **** 
  24:Core/Src/stm32f1xx_hal_timebase_tim.c **** /* Private typedef -----------------------------------------------------------*/
  25:Core/Src/stm32f1xx_hal_timebase_tim.c **** /* Private define ------------------------------------------------------------*/
  26:Core/Src/stm32f1xx_hal_timebase_tim.c **** /* Private macro -------------------------------------------------------------*/
  27:Core/Src/stm32f1xx_hal_timebase_tim.c **** /* Private variables ---------------------------------------------------------*/
  28:Core/Src/stm32f1xx_hal_timebase_tim.c **** TIM_HandleTypeDef        htim1;
  29:Core/Src/stm32f1xx_hal_timebase_tim.c **** /* Private function prototypes -----------------------------------------------*/
  30:Core/Src/stm32f1xx_hal_timebase_tim.c **** void TIM1_IRQHandler(void);
  31:Core/Src/stm32f1xx_hal_timebase_tim.c **** /* Private functions ---------------------------------------------------------*/
ARM GAS  C:\Users\86130\AppData\Local\Temp\ccA0rleK.s 			page 2


  32:Core/Src/stm32f1xx_hal_timebase_tim.c **** 
  33:Core/Src/stm32f1xx_hal_timebase_tim.c **** /**
  34:Core/Src/stm32f1xx_hal_timebase_tim.c ****   * @brief  This function configures the TIM1 as a time base source.
  35:Core/Src/stm32f1xx_hal_timebase_tim.c ****   *         The time source is configured  to have 1ms time base with a dedicated
  36:Core/Src/stm32f1xx_hal_timebase_tim.c ****   *         Tick interrupt priority.
  37:Core/Src/stm32f1xx_hal_timebase_tim.c ****   * @note   This function is called  automatically at the beginning of program after
  38:Core/Src/stm32f1xx_hal_timebase_tim.c ****   *         reset by HAL_Init() or at any time when clock is configured, by HAL_RCC_ClockConfig().
  39:Core/Src/stm32f1xx_hal_timebase_tim.c ****   * @param  TickPriority: Tick interrupt priority.
  40:Core/Src/stm32f1xx_hal_timebase_tim.c ****   * @retval HAL status
  41:Core/Src/stm32f1xx_hal_timebase_tim.c ****   */
  42:Core/Src/stm32f1xx_hal_timebase_tim.c **** HAL_StatusTypeDef HAL_InitTick(uint32_t TickPriority)
  43:Core/Src/stm32f1xx_hal_timebase_tim.c **** {
  28              		.loc 1 43 1 view -0
  29              		.cfi_startproc
  30              		@ args = 0, pretend = 0, frame = 32
  31              		@ frame_needed = 0, uses_anonymous_args = 0
  32              		.loc 1 43 1 is_stmt 0 view .LVU1
  33 0000 30B5     		push	{r4, r5, lr}
  34              	.LCFI0:
  35              		.cfi_def_cfa_offset 12
  36              		.cfi_offset 4, -12
  37              		.cfi_offset 5, -8
  38              		.cfi_offset 14, -4
  39 0002 89B0     		sub	sp, sp, #36
  40              	.LCFI1:
  41              		.cfi_def_cfa_offset 48
  42 0004 0446     		mov	r4, r0
  44:Core/Src/stm32f1xx_hal_timebase_tim.c ****   RCC_ClkInitTypeDef    clkconfig;
  43              		.loc 1 44 3 is_stmt 1 view .LVU2
  45:Core/Src/stm32f1xx_hal_timebase_tim.c ****   uint32_t              uwTimclock = 0U;
  44              		.loc 1 45 3 view .LVU3
  45              	.LVL1:
  46:Core/Src/stm32f1xx_hal_timebase_tim.c **** 
  47:Core/Src/stm32f1xx_hal_timebase_tim.c ****   uint32_t              uwPrescalerValue = 0U;
  46              		.loc 1 47 3 view .LVU4
  48:Core/Src/stm32f1xx_hal_timebase_tim.c ****   uint32_t              pFLatency;
  47              		.loc 1 48 3 view .LVU5
  49:Core/Src/stm32f1xx_hal_timebase_tim.c ****   HAL_StatusTypeDef     status = HAL_OK;
  48              		.loc 1 49 3 view .LVU6
  50:Core/Src/stm32f1xx_hal_timebase_tim.c **** 
  51:Core/Src/stm32f1xx_hal_timebase_tim.c ****   /* Enable TIM1 clock */
  52:Core/Src/stm32f1xx_hal_timebase_tim.c ****   __HAL_RCC_TIM1_CLK_ENABLE();
  49              		.loc 1 52 3 view .LVU7
  50              	.LBB2:
  51              		.loc 1 52 3 view .LVU8
  52              		.loc 1 52 3 view .LVU9
  53 0006 1E4B     		ldr	r3, .L7
  54 0008 9A69     		ldr	r2, [r3, #24]
  55 000a 42F40062 		orr	r2, r2, #2048
  56 000e 9A61     		str	r2, [r3, #24]
  57              		.loc 1 52 3 view .LVU10
  58 0010 9B69     		ldr	r3, [r3, #24]
  59 0012 03F40063 		and	r3, r3, #2048
  60 0016 0193     		str	r3, [sp, #4]
  61              		.loc 1 52 3 view .LVU11
  62 0018 019B     		ldr	r3, [sp, #4]
  63              	.LBE2:
ARM GAS  C:\Users\86130\AppData\Local\Temp\ccA0rleK.s 			page 3


  64              		.loc 1 52 3 view .LVU12
  53:Core/Src/stm32f1xx_hal_timebase_tim.c **** 
  54:Core/Src/stm32f1xx_hal_timebase_tim.c ****   /* Get clock configuration */
  55:Core/Src/stm32f1xx_hal_timebase_tim.c ****   HAL_RCC_GetClockConfig(&clkconfig, &pFLatency);
  65              		.loc 1 55 3 view .LVU13
  66 001a 02A9     		add	r1, sp, #8
  67 001c 03A8     		add	r0, sp, #12
  68              	.LVL2:
  69              		.loc 1 55 3 is_stmt 0 view .LVU14
  70 001e FFF7FEFF 		bl	HAL_RCC_GetClockConfig
  71              	.LVL3:
  56:Core/Src/stm32f1xx_hal_timebase_tim.c **** 
  57:Core/Src/stm32f1xx_hal_timebase_tim.c ****   /* Compute TIM1 clock */
  58:Core/Src/stm32f1xx_hal_timebase_tim.c ****       uwTimclock = HAL_RCC_GetPCLK2Freq();
  72              		.loc 1 58 7 is_stmt 1 view .LVU15
  73              		.loc 1 58 20 is_stmt 0 view .LVU16
  74 0022 FFF7FEFF 		bl	HAL_RCC_GetPCLK2Freq
  75              	.LVL4:
  59:Core/Src/stm32f1xx_hal_timebase_tim.c **** 
  60:Core/Src/stm32f1xx_hal_timebase_tim.c ****   /* Compute the prescaler value to have TIM1 counter clock equal to 1MHz */
  61:Core/Src/stm32f1xx_hal_timebase_tim.c ****   uwPrescalerValue = (uint32_t) ((uwTimclock / 1000000U) - 1U);
  76              		.loc 1 61 3 is_stmt 1 view .LVU17
  77              		.loc 1 61 46 is_stmt 0 view .LVU18
  78 0026 174A     		ldr	r2, .L7+4
  79 0028 A2FB0023 		umull	r2, r3, r2, r0
  80              	.LVL5:
  81              		.loc 1 61 46 view .LVU19
  82 002c 9B0C     		lsrs	r3, r3, #18
  83              		.loc 1 61 20 view .LVU20
  84 002e 013B     		subs	r3, r3, #1
  85              	.LVL6:
  62:Core/Src/stm32f1xx_hal_timebase_tim.c **** 
  63:Core/Src/stm32f1xx_hal_timebase_tim.c ****   /* Initialize TIM1 */
  64:Core/Src/stm32f1xx_hal_timebase_tim.c ****   htim1.Instance = TIM1;
  86              		.loc 1 64 3 is_stmt 1 view .LVU21
  87              		.loc 1 64 18 is_stmt 0 view .LVU22
  88 0030 1548     		ldr	r0, .L7+8
  89 0032 164A     		ldr	r2, .L7+12
  90 0034 0260     		str	r2, [r0]
  65:Core/Src/stm32f1xx_hal_timebase_tim.c **** 
  66:Core/Src/stm32f1xx_hal_timebase_tim.c ****   /* Initialize TIMx peripheral as follow:
  67:Core/Src/stm32f1xx_hal_timebase_tim.c **** 
  68:Core/Src/stm32f1xx_hal_timebase_tim.c ****   + Period = [(TIM1CLK/1000) - 1]. to have a (1/1000) s time base.
  69:Core/Src/stm32f1xx_hal_timebase_tim.c ****   + Prescaler = (uwTimclock/1000000 - 1) to have a 1MHz counter clock.
  70:Core/Src/stm32f1xx_hal_timebase_tim.c ****   + ClockDivision = 0
  71:Core/Src/stm32f1xx_hal_timebase_tim.c ****   + Counter direction = Up
  72:Core/Src/stm32f1xx_hal_timebase_tim.c ****   */
  73:Core/Src/stm32f1xx_hal_timebase_tim.c ****   htim1.Init.Period = (1000000U / 1000U) - 1U;
  91              		.loc 1 73 3 is_stmt 1 view .LVU23
  92              		.loc 1 73 21 is_stmt 0 view .LVU24
  93 0036 40F2E732 		movw	r2, #999
  94 003a C260     		str	r2, [r0, #12]
  74:Core/Src/stm32f1xx_hal_timebase_tim.c ****   htim1.Init.Prescaler = uwPrescalerValue;
  95              		.loc 1 74 3 is_stmt 1 view .LVU25
  96              		.loc 1 74 24 is_stmt 0 view .LVU26
  97 003c 4360     		str	r3, [r0, #4]
  75:Core/Src/stm32f1xx_hal_timebase_tim.c ****   htim1.Init.ClockDivision = 0;
ARM GAS  C:\Users\86130\AppData\Local\Temp\ccA0rleK.s 			page 4


  98              		.loc 1 75 3 is_stmt 1 view .LVU27
  99              		.loc 1 75 28 is_stmt 0 view .LVU28
 100 003e 0023     		movs	r3, #0
 101              	.LVL7:
 102              		.loc 1 75 28 view .LVU29
 103 0040 0361     		str	r3, [r0, #16]
  76:Core/Src/stm32f1xx_hal_timebase_tim.c ****   htim1.Init.CounterMode = TIM_COUNTERMODE_UP;
 104              		.loc 1 76 3 is_stmt 1 view .LVU30
 105              		.loc 1 76 26 is_stmt 0 view .LVU31
 106 0042 8360     		str	r3, [r0, #8]
  77:Core/Src/stm32f1xx_hal_timebase_tim.c ****   htim1.Init.AutoReloadPreload = TIM_AUTORELOAD_PRELOAD_DISABLE;
 107              		.loc 1 77 3 is_stmt 1 view .LVU32
 108              		.loc 1 77 32 is_stmt 0 view .LVU33
 109 0044 8361     		str	r3, [r0, #24]
  78:Core/Src/stm32f1xx_hal_timebase_tim.c **** 
  79:Core/Src/stm32f1xx_hal_timebase_tim.c ****   status = HAL_TIM_Base_Init(&htim1);
 110              		.loc 1 79 3 is_stmt 1 view .LVU34
 111              		.loc 1 79 12 is_stmt 0 view .LVU35
 112 0046 FFF7FEFF 		bl	HAL_TIM_Base_Init
 113              	.LVL8:
  80:Core/Src/stm32f1xx_hal_timebase_tim.c ****   if (status == HAL_OK)
 114              		.loc 1 80 3 is_stmt 1 view .LVU36
 115              		.loc 1 80 6 is_stmt 0 view .LVU37
 116 004a 0546     		mov	r5, r0
 117 004c 10B1     		cbz	r0, .L5
 118              	.LVL9:
 119              	.L2:
  81:Core/Src/stm32f1xx_hal_timebase_tim.c ****   {
  82:Core/Src/stm32f1xx_hal_timebase_tim.c ****     /* Start the TIM time Base generation in interrupt mode */
  83:Core/Src/stm32f1xx_hal_timebase_tim.c ****     status = HAL_TIM_Base_Start_IT(&htim1);
  84:Core/Src/stm32f1xx_hal_timebase_tim.c ****     if (status == HAL_OK)
  85:Core/Src/stm32f1xx_hal_timebase_tim.c ****     {
  86:Core/Src/stm32f1xx_hal_timebase_tim.c ****     /* Enable the TIM1 global Interrupt */
  87:Core/Src/stm32f1xx_hal_timebase_tim.c ****         HAL_NVIC_EnableIRQ(TIM1_UP_IRQn);
  88:Core/Src/stm32f1xx_hal_timebase_tim.c ****       /* Configure the SysTick IRQ priority */
  89:Core/Src/stm32f1xx_hal_timebase_tim.c ****       if (TickPriority < (1UL << __NVIC_PRIO_BITS))
  90:Core/Src/stm32f1xx_hal_timebase_tim.c ****       {
  91:Core/Src/stm32f1xx_hal_timebase_tim.c ****         /* Configure the TIM IRQ priority */
  92:Core/Src/stm32f1xx_hal_timebase_tim.c ****         HAL_NVIC_SetPriority(TIM1_UP_IRQn, TickPriority, 0U);
  93:Core/Src/stm32f1xx_hal_timebase_tim.c ****         uwTickPrio = TickPriority;
  94:Core/Src/stm32f1xx_hal_timebase_tim.c ****       }
  95:Core/Src/stm32f1xx_hal_timebase_tim.c ****       else
  96:Core/Src/stm32f1xx_hal_timebase_tim.c ****       {
  97:Core/Src/stm32f1xx_hal_timebase_tim.c ****         status = HAL_ERROR;
  98:Core/Src/stm32f1xx_hal_timebase_tim.c ****       }
  99:Core/Src/stm32f1xx_hal_timebase_tim.c ****     }
 100:Core/Src/stm32f1xx_hal_timebase_tim.c ****   }
 101:Core/Src/stm32f1xx_hal_timebase_tim.c **** 
 102:Core/Src/stm32f1xx_hal_timebase_tim.c ****  /* Return function status */
 103:Core/Src/stm32f1xx_hal_timebase_tim.c ****   return status;
 120              		.loc 1 103 3 is_stmt 1 view .LVU38
 104:Core/Src/stm32f1xx_hal_timebase_tim.c **** }
 121              		.loc 1 104 1 is_stmt 0 view .LVU39
 122 004e 2846     		mov	r0, r5
 123 0050 09B0     		add	sp, sp, #36
 124              	.LCFI2:
 125              		.cfi_remember_state
ARM GAS  C:\Users\86130\AppData\Local\Temp\ccA0rleK.s 			page 5


 126              		.cfi_def_cfa_offset 12
 127              		@ sp needed
 128 0052 30BD     		pop	{r4, r5, pc}
 129              	.LVL10:
 130              	.L5:
 131              	.LCFI3:
 132              		.cfi_restore_state
  83:Core/Src/stm32f1xx_hal_timebase_tim.c ****     if (status == HAL_OK)
 133              		.loc 1 83 5 is_stmt 1 view .LVU40
  83:Core/Src/stm32f1xx_hal_timebase_tim.c ****     if (status == HAL_OK)
 134              		.loc 1 83 14 is_stmt 0 view .LVU41
 135 0054 0C48     		ldr	r0, .L7+8
 136              	.LVL11:
  83:Core/Src/stm32f1xx_hal_timebase_tim.c ****     if (status == HAL_OK)
 137              		.loc 1 83 14 view .LVU42
 138 0056 FFF7FEFF 		bl	HAL_TIM_Base_Start_IT
 139              	.LVL12:
  84:Core/Src/stm32f1xx_hal_timebase_tim.c ****     {
 140              		.loc 1 84 5 is_stmt 1 view .LVU43
  84:Core/Src/stm32f1xx_hal_timebase_tim.c ****     {
 141              		.loc 1 84 8 is_stmt 0 view .LVU44
 142 005a 0546     		mov	r5, r0
 143 005c 0028     		cmp	r0, #0
 144 005e F6D1     		bne	.L2
  87:Core/Src/stm32f1xx_hal_timebase_tim.c ****       /* Configure the SysTick IRQ priority */
 145              		.loc 1 87 9 is_stmt 1 view .LVU45
 146 0060 1920     		movs	r0, #25
 147              	.LVL13:
  87:Core/Src/stm32f1xx_hal_timebase_tim.c ****       /* Configure the SysTick IRQ priority */
 148              		.loc 1 87 9 is_stmt 0 view .LVU46
 149 0062 FFF7FEFF 		bl	HAL_NVIC_EnableIRQ
 150              	.LVL14:
  89:Core/Src/stm32f1xx_hal_timebase_tim.c ****       {
 151              		.loc 1 89 7 is_stmt 1 view .LVU47
  89:Core/Src/stm32f1xx_hal_timebase_tim.c ****       {
 152              		.loc 1 89 10 is_stmt 0 view .LVU48
 153 0066 0F2C     		cmp	r4, #15
 154 0068 01D9     		bls	.L6
  97:Core/Src/stm32f1xx_hal_timebase_tim.c ****       }
 155              		.loc 1 97 16 view .LVU49
 156 006a 0125     		movs	r5, #1
 157 006c EFE7     		b	.L2
 158              	.L6:
  92:Core/Src/stm32f1xx_hal_timebase_tim.c ****         uwTickPrio = TickPriority;
 159              		.loc 1 92 9 is_stmt 1 view .LVU50
 160 006e 0022     		movs	r2, #0
 161 0070 2146     		mov	r1, r4
 162 0072 1920     		movs	r0, #25
 163 0074 FFF7FEFF 		bl	HAL_NVIC_SetPriority
 164              	.LVL15:
  93:Core/Src/stm32f1xx_hal_timebase_tim.c ****       }
 165              		.loc 1 93 9 view .LVU51
  93:Core/Src/stm32f1xx_hal_timebase_tim.c ****       }
 166              		.loc 1 93 20 is_stmt 0 view .LVU52
 167 0078 054B     		ldr	r3, .L7+16
 168 007a 1C60     		str	r4, [r3]
 169 007c E7E7     		b	.L2
ARM GAS  C:\Users\86130\AppData\Local\Temp\ccA0rleK.s 			page 6


 170              	.L8:
 171 007e 00BF     		.align	2
 172              	.L7:
 173 0080 00100240 		.word	1073876992
 174 0084 83DE1B43 		.word	1125899907
 175 0088 00000000 		.word	htim1
 176 008c 002C0140 		.word	1073818624
 177 0090 00000000 		.word	uwTickPrio
 178              		.cfi_endproc
 179              	.LFE65:
 181              		.section	.text.HAL_SuspendTick,"ax",%progbits
 182              		.align	1
 183              		.global	HAL_SuspendTick
 184              		.syntax unified
 185              		.thumb
 186              		.thumb_func
 188              	HAL_SuspendTick:
 189              	.LFB66:
 105:Core/Src/stm32f1xx_hal_timebase_tim.c **** 
 106:Core/Src/stm32f1xx_hal_timebase_tim.c **** /**
 107:Core/Src/stm32f1xx_hal_timebase_tim.c ****   * @brief  Suspend Tick increment.
 108:Core/Src/stm32f1xx_hal_timebase_tim.c ****   * @note   Disable the tick increment by disabling TIM1 update interrupt.
 109:Core/Src/stm32f1xx_hal_timebase_tim.c ****   * @param  None
 110:Core/Src/stm32f1xx_hal_timebase_tim.c ****   * @retval None
 111:Core/Src/stm32f1xx_hal_timebase_tim.c ****   */
 112:Core/Src/stm32f1xx_hal_timebase_tim.c **** void HAL_SuspendTick(void)
 113:Core/Src/stm32f1xx_hal_timebase_tim.c **** {
 190              		.loc 1 113 1 is_stmt 1 view -0
 191              		.cfi_startproc
 192              		@ args = 0, pretend = 0, frame = 0
 193              		@ frame_needed = 0, uses_anonymous_args = 0
 194              		@ link register save eliminated.
 114:Core/Src/stm32f1xx_hal_timebase_tim.c ****   /* Disable TIM1 update Interrupt */
 115:Core/Src/stm32f1xx_hal_timebase_tim.c ****   __HAL_TIM_DISABLE_IT(&htim1, TIM_IT_UPDATE);
 195              		.loc 1 115 3 view .LVU54
 196 0000 034B     		ldr	r3, .L10
 197 0002 1A68     		ldr	r2, [r3]
 198 0004 D368     		ldr	r3, [r2, #12]
 199 0006 23F00103 		bic	r3, r3, #1
 200 000a D360     		str	r3, [r2, #12]
 116:Core/Src/stm32f1xx_hal_timebase_tim.c **** }
 201              		.loc 1 116 1 is_stmt 0 view .LVU55
 202 000c 7047     		bx	lr
 203              	.L11:
 204 000e 00BF     		.align	2
 205              	.L10:
 206 0010 00000000 		.word	htim1
 207              		.cfi_endproc
 208              	.LFE66:
 210              		.section	.text.HAL_ResumeTick,"ax",%progbits
 211              		.align	1
 212              		.global	HAL_ResumeTick
 213              		.syntax unified
 214              		.thumb
 215              		.thumb_func
 217              	HAL_ResumeTick:
 218              	.LFB67:
ARM GAS  C:\Users\86130\AppData\Local\Temp\ccA0rleK.s 			page 7


 117:Core/Src/stm32f1xx_hal_timebase_tim.c **** 
 118:Core/Src/stm32f1xx_hal_timebase_tim.c **** /**
 119:Core/Src/stm32f1xx_hal_timebase_tim.c ****   * @brief  Resume Tick increment.
 120:Core/Src/stm32f1xx_hal_timebase_tim.c ****   * @note   Enable the tick increment by Enabling TIM1 update interrupt.
 121:Core/Src/stm32f1xx_hal_timebase_tim.c ****   * @param  None
 122:Core/Src/stm32f1xx_hal_timebase_tim.c ****   * @retval None
 123:Core/Src/stm32f1xx_hal_timebase_tim.c ****   */
 124:Core/Src/stm32f1xx_hal_timebase_tim.c **** void HAL_ResumeTick(void)
 125:Core/Src/stm32f1xx_hal_timebase_tim.c **** {
 219              		.loc 1 125 1 is_stmt 1 view -0
 220              		.cfi_startproc
 221              		@ args = 0, pretend = 0, frame = 0
 222              		@ frame_needed = 0, uses_anonymous_args = 0
 223              		@ link register save eliminated.
 126:Core/Src/stm32f1xx_hal_timebase_tim.c ****   /* Enable TIM1 Update interrupt */
 127:Core/Src/stm32f1xx_hal_timebase_tim.c ****   __HAL_TIM_ENABLE_IT(&htim1, TIM_IT_UPDATE);
 224              		.loc 1 127 3 view .LVU57
 225 0000 034B     		ldr	r3, .L13
 226 0002 1A68     		ldr	r2, [r3]
 227 0004 D368     		ldr	r3, [r2, #12]
 228 0006 43F00103 		orr	r3, r3, #1
 229 000a D360     		str	r3, [r2, #12]
 128:Core/Src/stm32f1xx_hal_timebase_tim.c **** }
 230              		.loc 1 128 1 is_stmt 0 view .LVU58
 231 000c 7047     		bx	lr
 232              	.L14:
 233 000e 00BF     		.align	2
 234              	.L13:
 235 0010 00000000 		.word	htim1
 236              		.cfi_endproc
 237              	.LFE67:
 239              		.global	htim1
 240              		.section	.bss.htim1,"aw",%nobits
 241              		.align	2
 244              	htim1:
 245 0000 00000000 		.space	72
 245      00000000 
 245      00000000 
 245      00000000 
 245      00000000 
 246              		.text
 247              	.Letext0:
 248              		.file 2 "Drivers/CMSIS/Device/ST/STM32F1xx/Include/stm32f103xb.h"
 249              		.file 3 "d:\\embed_tools\\gun-tools-chain\\12.2 rel1\\arm-none-eabi\\include\\machine\\_default_ty
 250              		.file 4 "d:\\embed_tools\\gun-tools-chain\\12.2 rel1\\arm-none-eabi\\include\\sys\\_stdint.h"
 251              		.file 5 "Drivers/STM32F1xx_HAL_Driver/Inc/stm32f1xx_hal_def.h"
 252              		.file 6 "Drivers/STM32F1xx_HAL_Driver/Inc/stm32f1xx_hal_rcc.h"
 253              		.file 7 "Drivers/STM32F1xx_HAL_Driver/Inc/stm32f1xx_hal_dma.h"
 254              		.file 8 "Drivers/STM32F1xx_HAL_Driver/Inc/stm32f1xx_hal_tim.h"
 255              		.file 9 "Drivers/STM32F1xx_HAL_Driver/Inc/stm32f1xx_hal.h"
 256              		.file 10 "Drivers/STM32F1xx_HAL_Driver/Inc/stm32f1xx_hal_cortex.h"
ARM GAS  C:\Users\86130\AppData\Local\Temp\ccA0rleK.s 			page 8


DEFINED SYMBOLS
                            *ABS*:00000000 stm32f1xx_hal_timebase_tim.c
C:\Users\86130\AppData\Local\Temp\ccA0rleK.s:19     .text.HAL_InitTick:00000000 $t
C:\Users\86130\AppData\Local\Temp\ccA0rleK.s:25     .text.HAL_InitTick:00000000 HAL_InitTick
C:\Users\86130\AppData\Local\Temp\ccA0rleK.s:173    .text.HAL_InitTick:00000080 $d
C:\Users\86130\AppData\Local\Temp\ccA0rleK.s:244    .bss.htim1:00000000 htim1
C:\Users\86130\AppData\Local\Temp\ccA0rleK.s:182    .text.HAL_SuspendTick:00000000 $t
C:\Users\86130\AppData\Local\Temp\ccA0rleK.s:188    .text.HAL_SuspendTick:00000000 HAL_SuspendTick
C:\Users\86130\AppData\Local\Temp\ccA0rleK.s:206    .text.HAL_SuspendTick:00000010 $d
C:\Users\86130\AppData\Local\Temp\ccA0rleK.s:211    .text.HAL_ResumeTick:00000000 $t
C:\Users\86130\AppData\Local\Temp\ccA0rleK.s:217    .text.HAL_ResumeTick:00000000 HAL_ResumeTick
C:\Users\86130\AppData\Local\Temp\ccA0rleK.s:235    .text.HAL_ResumeTick:00000010 $d
C:\Users\86130\AppData\Local\Temp\ccA0rleK.s:241    .bss.htim1:00000000 $d

UNDEFINED SYMBOLS
HAL_RCC_GetClockConfig
HAL_RCC_GetPCLK2Freq
HAL_TIM_Base_Init
HAL_TIM_Base_Start_IT
HAL_NVIC_EnableIRQ
HAL_NVIC_SetPriority
uwTickPrio
